<?xml version="1.0" encoding="UTF-8" standalone="no"?><!DOCTYPE report PUBLIC "-//JACOCO//DTD Report 1.1//EN" "report.dtd"><report name="High Coverage Report">
    <sessioninfo id="test" start="1618573899222" dump="1618573907682" />
    <package name="com/example">
        <class name="com/example/Calculator" sourcefilename="Calculator.java">
            <method name="add" desc="(II)I" line="5">
                <counter type="INSTRUCTION" missed="0" covered="4" />
                <counter type="LINE" missed="0" covered="2" />
                <counter type="METHOD" missed="0" covered="1" />
            </method>
            <method name="subtract" desc="(II)I" line="10">
                <counter type="INSTRUCTION" missed="0" covered="4" />
                <counter type="LINE" missed="0" covered="2" />
                <counter type="METHOD" missed="0" covered="1" />
            </method>
            <counter type="INSTRUCTION" missed="0" covered="8" />
            <counter type="LINE" missed="0" covered="4" />
            <counter type="METHOD" missed="0" covered="2" />
            <counter type="CLASS" missed="0" covered="1" />
        </class>
        <sourcefile name="Calculator.java">
            <line nr="5" mi="0" ci="1" mb="0" cb="0" />
            <line nr="6" mi="0" ci="1" mb="0" cb="0" />
            <line nr="10" mi="0" ci="1" mb="0" cb="0" />
            <line nr="11" mi="0" ci="1" mb="0" cb="0" />
            <counter type="INSTRUCTION" missed="0" covered="8" />
            <counter type="LINE" missed="0" covered="4" />
            <counter type="METHOD" missed="0" covered="2" />
            <counter type="CLASS" missed="0" covered="1" />
        </sourcefile>
        <counter type="INSTRUCTION" missed="0" covered="8" />
        <counter type="LINE" missed="0" covered="4" />
        <counter type="METHOD" missed="0" covered="2" />
        <counter type="CLASS" missed="0" covered="1" />
    </package>
    <counter type="INSTRUCTION" missed="0" covered="8" />
    <counter type="LINE" missed="0" covered="4" />
    <counter type="METHOD" missed="0" covered="2" />
    <counter type="CLASS" missed="0" covered="1" />
</report>
